<?xml version="1.0" ?>
<coverage line-rate="0" lines-covered="0" lines-valid="0">
  <packages>
    <package name="pkg/widget" line-rate="0">
      <classes>
        <class name="Widget" filename="pkg/widget/widget.go" line-rate="0" branch-rate="0" complexity="0">
          <lines>
            <line number="10" hits="1"/>
            <line number="11" hits="0"/>
            <line number="20" hits="0"/>
          </lines>
        </class>
        <class name="widget" filename="pkg/widget/widget.go" line-rate="0" branch-rate="0" complexity="0">
          <lines>
            <line number="20" hits="3"/>
            <line number="30" hits="1"/>
          </lines>
        </class>
      </classes>
    </package>
  </packages>
</coverage>
